# JRE version: OpenJDK Runtime Environment (17.0.11) (build 17.0.11+0--11852314)
# Java VM: OpenJDK 64-Bit Server VM (17.0.11+0--11852314, mixed mode, tiered, compressed oops, compressed class ptrs, g1 gc, windows-amd64)
GC Precious Log:
 CPUs: 4 total, 4 available
 Memory: 16327M
 Large Page Support: Disabled
 NUMA Support: Disabled
 Compressed Oops: Enabled (32-bit)
 Heap Region Size: 1M
 Heap Min Capacity: 8M
 Heap Initial Capacity: 256M
 Heap Max Capacity: 2G
 Pre-touch: Disabled
 Parallel Workers: 4
 Concurrent Workers: 1
 Concurrent Refinement Workers: 4
 Periodic GC: Disabled
Heap:
 garbage-first heap   total 264192K, used 114332K [0x0000000080000000, 0x0000000100000000)
  region size 1024K, 33 young (33792K), 3 survivors (3072K)
 Metaspace       used 82912K, committed 83584K, reserved 1179648K
  class space    used 11266K, committed 11584K, reserved 1048576K
GC Heap History (20 events):
Event: 7.287 GC heap before
{Heap before GC invocations=24 (full 0):
 garbage-first heap   total 132096K, used 99532K [0x0000000080000000, 0x0000000100000000)
  region size 1024K, 37 young (37888K), 1 survivors (1024K)
 Metaspace       used 61540K, committed 62144K, reserved 1114112K
  class space    used 8391K, committed 8704K, reserved 1048576K
}
Event: 7.292 GC heap after
{Heap after GC invocations=25 (full 0):
 garbage-first heap   total 132096K, used 63937K [0x0000000080000000, 0x0000000100000000)
  region size 1024K, 2 young (2048K), 2 survivors (2048K)
 Metaspace       used 61540K, committed 62144K, reserved 1114112K
  class space    used 8391K, committed 8704K, reserved 1048576K
}
Event: 7.372 GC heap before
{Heap before GC invocations=25 (full 0):
 garbage-first heap   total 132096K, used 67009K [0x0000000080000000, 0x0000000100000000)
  region size 1024K, 6 young (6144K), 2 survivors (2048K)
 Metaspace       used 62063K, committed 62592K, reserved 1114112K
  class space    used 8430K, committed 8704K, reserved 1048576K
}
Event: 7.374 GC heap after
{Heap after GC invocations=26 (full 0):
 garbage-first heap   total 132096K, used 63734K [0x0000000080000000, 0x0000000100000000)
  region size 1024K, 1 young (1024K), 1 survivors (1024K)
 Metaspace       used 62063K, committed 62592K, reserved 1114112K
  class space    used 8430K, committed 8704K, reserved 1048576K
}
Event: 8.037 GC heap before
{Heap before GC invocations=26 (full 0):
 garbage-first heap   total 132096K, used 101622K [0x0000000080000000, 0x0000000100000000)
  region size 1024K, 38 young (38912K), 1 survivors (1024K)
 Metaspace       used 65921K, committed 66560K, reserved 1114112K
  class space    used 8975K, committed 9280K, reserved 1048576K
}
Event: 8.040 GC heap after
{Heap after GC invocations=27 (full 0):
 garbage-first heap   total 132096K, used 65269K [0x0000000080000000, 0x0000000100000000)
  region size 1024K, 2 young (2048K), 2 survivors (2048K)
 Metaspace       used 65921K, committed 66560K, reserved 1114112K
  class space    used 8975K, committed 9280K, reserved 1048576K
}
Event: 8.685 GC heap before
{Heap before GC invocations=28 (full 0):
 garbage-first heap   total 132096K, used 109301K [0x0000000080000000, 0x0000000100000000)
  region size 1024K, 40 young (40960K), 2 survivors (2048K)
 Metaspace       used 68925K, committed 69504K, reserved 1114112K
  class space    used 9355K, committed 9664K, reserved 1048576K
}
Event: 8.690 GC heap after
{Heap after GC invocations=29 (full 0):
 garbage-first heap   total 132096K, used 70335K [0x0000000080000000, 0x0000000100000000)
  region size 1024K, 5 young (5120K), 5 survivors (5120K)
 Metaspace       used 68925K, committed 69504K, reserved 1114112K
  class space    used 9355K, committed 9664K, reserved 1048576K
}
Event: 8.698 GC heap before
{Heap before GC invocations=29 (full 0):
 garbage-first heap   total 132096K, used 71359K [0x0000000080000000, 0x0000000100000000)
  region size 1024K, 6 young (6144K), 5 survivors (5120K)
 Metaspace       used 68961K, committed 69568K, reserved 1114112K
  class space    used 9361K, committed 9664K, reserved 1048576K
}
Event: 8.702 GC heap after
{Heap after GC invocations=30 (full 0):
 garbage-first heap   total 132096K, used 70560K [0x0000000080000000, 0x0000000100000000)
  region size 1024K, 1 young (1024K), 1 survivors (1024K)
 Metaspace       used 68961K, committed 69568K, reserved 1114112K
  class space    used 9361K, committed 9664K, reserved 1048576K
}
Event: 9.078 GC heap before
{Heap before GC invocations=30 (full 0):
 garbage-first heap   total 132096K, used 105376K [0x0000000080000000, 0x0000000100000000)
  region size 1024K, 35 young (35840K), 1 survivors (1024K)
 Metaspace       used 71417K, committed 72000K, reserved 1114112K
  class space    used 9693K, committed 9984K, reserved 1048576K
}
Event: 9.080 GC heap after
{Heap after GC invocations=31 (full 0):
 garbage-first heap   total 132096K, used 71649K [0x0000000080000000, 0x0000000100000000)
  region size 1024K, 2 young (2048K), 2 survivors (2048K)
 Metaspace       used 71417K, committed 72000K, reserved 1114112K
  class space    used 9693K, committed 9984K, reserved 1048576K
}
Event: 9.565 GC heap before
{Heap before GC invocations=32 (full 0):
 garbage-first heap   total 132096K, used 110561K [0x0000000080000000, 0x0000000100000000)
  region size 1024K, 36 young (36864K), 2 survivors (2048K)
 Metaspace       used 75014K, committed 75584K, reserved 1114112K
  class space    used 10193K, committed 10496K, reserved 1048576K
}
Event: 9.569 GC heap after
{Heap after GC invocations=33 (full 0):
 garbage-first heap   total 132096K, used 78089K [0x0000000080000000, 0x0000000100000000)
  region size 1024K, 5 young (5120K), 5 survivors (5120K)
 Metaspace       used 75014K, committed 75584K, reserved 1114112K
  class space    used 10193K, committed 10496K, reserved 1048576K
}
Event: 9.883 GC heap before
{Heap before GC invocations=33 (full 0):
 garbage-first heap   total 132096K, used 108809K [0x0000000080000000, 0x0000000100000000)
  region size 1024K, 35 young (35840K), 5 survivors (5120K)
 Metaspace       used 78308K, committed 78976K, reserved 1179648K
  class space    used 10635K, committed 10944K, reserved 1048576K
}
Event: 9.889 GC heap after
{Heap after GC invocations=34 (full 0):
 garbage-first heap   total 132096K, used 79858K [0x0000000080000000, 0x0000000100000000)
  region size 1024K, 5 young (5120K), 5 survivors (5120K)
 Metaspace       used 78308K, committed 78976K, reserved 1179648K
  class space    used 10635K, committed 10944K, reserved 1048576K
}
Event: 10.213 GC heap before
{Heap before GC invocations=34 (full 0):
 garbage-first heap   total 132096K, used 110578K [0x0000000080000000, 0x0000000100000000)
  region size 1024K, 35 young (35840K), 5 survivors (5120K)
 Metaspace       used 80222K, committed 80832K, reserved 1179648K
  class space    used 10898K, committed 11200K, reserved 1048576K
}
Event: 10.220 GC heap after
{Heap after GC invocations=35 (full 0):
 garbage-first heap   total 132096K, used 82352K [0x0000000080000000, 0x0000000100000000)
  region size 1024K, 5 young (5120K), 5 survivors (5120K)
 Metaspace       used 80222K, committed 80832K, reserved 1179648K
  class space    used 10898K, committed 11200K, reserved 1048576K
}
Event: 10.458 GC heap before
{Heap before GC invocations=35 (full 0):
 garbage-first heap   total 132096K, used 110000K [0x0000000080000000, 0x0000000100000000)
  region size 1024K, 32 young (32768K), 5 survivors (5120K)
 Metaspace       used 80774K, committed 81344K, reserved 1179648K
  class space    used 10961K, committed 11264K, reserved 1048576K
}
Event: 10.465 GC heap after
{Heap after GC invocations=36 (full 0):
 garbage-first heap   total 264192K, used 84636K [0x0000000080000000, 0x0000000100000000)
  region size 1024K, 3 young (3072K), 3 survivors (3072K)
 Metaspace       used 80774K, committed 81344K, reserved 1179648K
  class space    used 10961K, committed 11264K, reserved 1048576K
}

