# JRE version: OpenJDK Runtime Environment (17.0.11) (build 17.0.11+0--11852314)
# Java VM: OpenJDK 64-Bit Server VM (17.0.11+0--11852314, mixed mode, tiered, compressed oops, compressed class ptrs, g1 gc, windows-amd64)
GC Precious Log:
 CPUs: 4 total, 4 available
 Memory: 16327M
 Large Page Support: Disabled
 NUMA Support: Disabled
 Compressed Oops: Enabled (32-bit)
 Heap Region Size: 1M
 Heap Min Capacity: 8M
 Heap Initial Capacity: 256M
 Heap Max Capacity: 2G
 Pre-touch: Disabled
 Parallel Workers: 4
 Concurrent Workers: 1
 Concurrent Refinement Workers: 4
 Periodic GC: Disabled
Heap:
 garbage-first heap   total 243712K, used 184654K [0x0000000080000000, 0x0000000100000000)
  region size 1024K, 109 young (111616K), 12 survivors (12288K)
 Metaspace       used 93055K, committed 93696K, reserved 1179648K
  class space    used 12925K, committed 13248K, reserved 1048576K
GC Heap History (20 events):
Event: 7.268 GC heap before
{Heap before GC invocations=23 (full 0):
 garbage-first heap   total 109568K, used 85286K [0x0000000080000000, 0x0000000100000000)
  region size 1024K, 23 young (23552K), 1 survivors (1024K)
 Metaspace       used 60278K, committed 60864K, reserved 1114112K
  class space    used 8244K, committed 8512K, reserved 1048576K
}
Event: 7.270 GC heap after
{Heap after GC invocations=24 (full 0):
 garbage-first heap   total 109568K, used 63344K [0x0000000080000000, 0x0000000100000000)
  region size 1024K, 2 young (2048K), 2 survivors (2048K)
 Metaspace       used 60278K, committed 60864K, reserved 1114112K
  class space    used 8244K, committed 8512K, reserved 1048576K
}
Event: 7.298 GC heap before
{Heap before GC invocations=24 (full 0):
 garbage-first heap   total 109568K, used 65392K [0x0000000080000000, 0x0000000100000000)
  region size 1024K, 5 young (5120K), 2 survivors (2048K)
 Metaspace       used 60505K, committed 61120K, reserved 1114112K
  class space    used 8274K, committed 8576K, reserved 1048576K
}
Event: 7.300 GC heap after
{Heap after GC invocations=25 (full 0):
 garbage-first heap   total 109568K, used 63045K [0x0000000080000000, 0x0000000100000000)
  region size 1024K, 1 young (1024K), 1 survivors (1024K)
 Metaspace       used 60505K, committed 61120K, reserved 1114112K
  class space    used 8274K, committed 8576K, reserved 1048576K
}
Event: 7.543 GC heap before
{Heap before GC invocations=25 (full 0):
 garbage-first heap   total 109568K, used 85573K [0x0000000080000000, 0x0000000100000000)
  region size 1024K, 24 young (24576K), 1 survivors (1024K)
 Metaspace       used 62926K, committed 63552K, reserved 1114112K
  class space    used 8519K, committed 8832K, reserved 1048576K
}
Event: 7.545 GC heap after
{Heap after GC invocations=26 (full 0):
 garbage-first heap   total 109568K, used 63549K [0x0000000080000000, 0x0000000100000000)
  region size 1024K, 1 young (1024K), 1 survivors (1024K)
 Metaspace       used 62926K, committed 63552K, reserved 1114112K
  class space    used 8519K, committed 8832K, reserved 1048576K
}
Event: 7.892 GC heap before
{Heap before GC invocations=27 (full 0):
 garbage-first heap   total 114688K, used 87101K [0x0000000080000000, 0x0000000100000000)
  region size 1024K, 25 young (25600K), 1 survivors (1024K)
 Metaspace       used 65487K, committed 66112K, reserved 1114112K
  class space    used 8916K, committed 9216K, reserved 1048576K
}
Event: 7.895 GC heap after
{Heap after GC invocations=28 (full 0):
 garbage-first heap   total 114688K, used 64413K [0x0000000080000000, 0x0000000100000000)
  region size 1024K, 2 young (2048K), 2 survivors (2048K)
 Metaspace       used 65487K, committed 66112K, reserved 1114112K
  class space    used 8916K, committed 9216K, reserved 1048576K
}
Event: 7.925 GC heap before
{Heap before GC invocations=28 (full 0):
 garbage-first heap   total 114688K, used 66461K [0x0000000080000000, 0x0000000100000000)
  region size 1024K, 5 young (5120K), 2 survivors (2048K)
 Metaspace       used 65724K, committed 66368K, reserved 1114112K
  class space    used 8949K, committed 9280K, reserved 1048576K
}
Event: 7.928 GC heap after
{Heap after GC invocations=29 (full 0):
 garbage-first heap   total 114688K, used 64151K [0x0000000080000000, 0x0000000100000000)
  region size 1024K, 1 young (1024K), 1 survivors (1024K)
 Metaspace       used 65724K, committed 66368K, reserved 1114112K
  class space    used 8949K, committed 9280K, reserved 1048576K
}
Event: 8.205 GC heap before
{Heap before GC invocations=29 (full 0):
 garbage-first heap   total 114688K, used 96919K [0x0000000080000000, 0x0000000100000000)
  region size 1024K, 28 young (28672K), 1 survivors (1024K)
 Metaspace       used 67883K, committed 68480K, reserved 1114112K
  class space    used 9220K, committed 9536K, reserved 1048576K
}
Event: 8.209 GC heap after
{Heap after GC invocations=30 (full 0):
 garbage-first heap   total 114688K, used 68770K [0x0000000080000000, 0x0000000100000000)
  region size 1024K, 4 young (4096K), 4 survivors (4096K)
 Metaspace       used 67883K, committed 68480K, reserved 1114112K
  class space    used 9220K, committed 9536K, reserved 1048576K
}
Event: 8.530 GC heap before
{Heap before GC invocations=31 (full 0):
 garbage-first heap   total 121856K, used 93346K [0x0000000080000000, 0x0000000100000000)
  region size 1024K, 28 young (28672K), 4 survivors (4096K)
 Metaspace       used 69684K, committed 70272K, reserved 1114112K
  class space    used 9453K, committed 9728K, reserved 1048576K
}
Event: 8.535 GC heap after
{Heap after GC invocations=32 (full 0):
 garbage-first heap   total 121856K, used 70290K [0x0000000080000000, 0x0000000100000000)
  region size 1024K, 2 young (2048K), 2 survivors (2048K)
 Metaspace       used 69684K, committed 70272K, reserved 1114112K
  class space    used 9453K, committed 9728K, reserved 1048576K
}
Event: 8.569 GC heap before
{Heap before GC invocations=32 (full 0):
 garbage-first heap   total 121856K, used 73362K [0x0000000080000000, 0x0000000100000000)
  region size 1024K, 5 young (5120K), 2 survivors (2048K)
 Metaspace       used 69898K, committed 70528K, reserved 1114112K
  class space    used 9478K, committed 9792K, reserved 1048576K
}
Event: 8.573 GC heap after
{Heap after GC invocations=33 (full 0):
 garbage-first heap   total 243712K, used 70310K [0x0000000080000000, 0x0000000100000000)
  region size 1024K, 1 young (1024K), 1 survivors (1024K)
 Metaspace       used 69898K, committed 70528K, reserved 1114112K
  class space    used 9478K, committed 9792K, reserved 1048576K
}
Event: 9.907 GC heap before
{Heap before GC invocations=33 (full 0):
 garbage-first heap   total 243712K, used 183974K [0x0000000080000000, 0x0000000100000000)
  region size 1024K, 108 young (110592K), 1 survivors (1024K)
 Metaspace       used 79605K, committed 80256K, reserved 1179648K
  class space    used 10817K, committed 11136K, reserved 1048576K
}
Event: 9.914 GC heap after
{Heap after GC invocations=34 (full 0):
 garbage-first heap   total 243712K, used 80206K [0x0000000080000000, 0x0000000100000000)
  region size 1024K, 6 young (6144K), 6 survivors (6144K)
 Metaspace       used 79605K, committed 80256K, reserved 1179648K
  class space    used 10817K, committed 11136K, reserved 1048576K
}
Event: 11.107 GC heap before
{Heap before GC invocations=34 (full 0):
 garbage-first heap   total 243712K, used 190798K [0x0000000080000000, 0x0000000100000000)
  region size 1024K, 113 young (115712K), 6 survivors (6144K)
 Metaspace       used 86001K, committed 86656K, reserved 1179648K
  class space    used 11869K, committed 12160K, reserved 1048576K
}
Event: 11.119 GC heap after
{Heap after GC invocations=35 (full 0):
 garbage-first heap   total 243712K, used 86350K [0x0000000080000000, 0x0000000100000000)
  region size 1024K, 12 young (12288K), 12 survivors (12288K)
 Metaspace       used 86001K, committed 86656K, reserved 1179648K
  class space    used 11869K, committed 12160K, reserved 1048576K
}

