# JRE version: OpenJDK Runtime Environment (17.0.11) (build 17.0.11+0--11852314)
# Java VM: OpenJDK 64-Bit Server VM (17.0.11+0--11852314, mixed mode, tiered, compressed oops, compressed class ptrs, g1 gc, windows-amd64)
GC Precious Log:
 CPUs: 4 total, 4 available
 Memory: 16327M
 Large Page Support: Disabled
 NUMA Support: Disabled
 Compressed Oops: Enabled (32-bit)
 Heap Region Size: 1M
 Heap Min Capacity: 8M
 Heap Initial Capacity: 256M
 Heap Max Capacity: 2G
 Pre-touch: Disabled
 Parallel Workers: 4
 Concurrent Workers: 1
 Concurrent Refinement Workers: 4
 Periodic GC: Disabled
Heap:
 garbage-first heap   total 316416K, used 246780K [0x0000000080000000, 0x0000000100000000)
  region size 1024K, 68 young (69632K), 2 survivors (2048K)
 Metaspace       used 122900K, committed 123776K, reserved 1179648K
  class space    used 17010K, committed 17472K, reserved 1048576K
GC Heap History (20 events):
Event: 16.314 GC heap before
{Heap before GC invocations=39 (full 0):
 garbage-first heap   total 308224K, used 249093K [0x0000000080000000, 0x0000000100000000)
  region size 1024K, 108 young (110592K), 10 survivors (10240K)
 Metaspace       used 101278K, committed 102144K, reserved 1179648K
  class space    used 13987K, committed 14400K, reserved 1048576K
}
Event: 16.325 GC heap after
{Heap after GC invocations=40 (full 0):
 garbage-first heap   total 308224K, used 155943K [0x0000000080000000, 0x0000000100000000)
  region size 1024K, 7 young (7168K), 7 survivors (7168K)
 Metaspace       used 101278K, committed 102144K, reserved 1179648K
  class space    used 13987K, committed 14400K, reserved 1048576K
}
Event: 17.563 GC heap before
{Heap before GC invocations=40 (full 0):
 garbage-first heap   total 308224K, used 250151K [0x0000000080000000, 0x0000000100000000)
  region size 1024K, 99 young (101376K), 7 survivors (7168K)
 Metaspace       used 101283K, committed 102208K, reserved 1179648K
  class space    used 13987K, committed 14400K, reserved 1048576K
}
Event: 17.571 GC heap after
{Heap after GC invocations=41 (full 0):
 garbage-first heap   total 308224K, used 159133K [0x0000000080000000, 0x0000000100000000)
  region size 1024K, 10 young (10240K), 10 survivors (10240K)
 Metaspace       used 101283K, committed 102208K, reserved 1179648K
  class space    used 13987K, committed 14400K, reserved 1048576K
}
Event: 18.861 GC heap before
{Heap before GC invocations=41 (full 0):
 garbage-first heap   total 308224K, used 253341K [0x0000000080000000, 0x0000000100000000)
  region size 1024K, 102 young (104448K), 10 survivors (10240K)
 Metaspace       used 101283K, committed 102208K, reserved 1179648K
  class space    used 13987K, committed 14400K, reserved 1048576K
}
Event: 18.870 GC heap after
{Heap after GC invocations=42 (full 0):
 garbage-first heap   total 308224K, used 163353K [0x0000000080000000, 0x0000000100000000)
  region size 1024K, 10 young (10240K), 10 survivors (10240K)
 Metaspace       used 101283K, committed 102208K, reserved 1179648K
  class space    used 13987K, committed 14400K, reserved 1048576K
}
Event: 19.764 GC heap before
{Heap before GC invocations=42 (full 0):
 garbage-first heap   total 308224K, used 254489K [0x0000000080000000, 0x0000000100000000)
  region size 1024K, 99 young (101376K), 10 survivors (10240K)
 Metaspace       used 101283K, committed 102208K, reserved 1179648K
  class space    used 13987K, committed 14400K, reserved 1048576K
}
Event: 19.772 GC heap after
{Heap after GC invocations=43 (full 0):
 garbage-first heap   total 308224K, used 166810K [0x0000000080000000, 0x0000000100000000)
  region size 1024K, 10 young (10240K), 10 survivors (10240K)
 Metaspace       used 101283K, committed 102208K, reserved 1179648K
  class space    used 13987K, committed 14400K, reserved 1048576K
}
Event: 20.528 GC heap before
{Heap before GC invocations=43 (full 0):
 garbage-first heap   total 308224K, used 255898K [0x0000000080000000, 0x0000000100000000)
  region size 1024K, 97 young (99328K), 10 survivors (10240K)
 Metaspace       used 101283K, committed 102208K, reserved 1179648K
  class space    used 13987K, committed 14400K, reserved 1048576K
}
Event: 20.536 GC heap after
{Heap after GC invocations=44 (full 0):
 garbage-first heap   total 308224K, used 170074K [0x0000000080000000, 0x0000000100000000)
  region size 1024K, 9 young (9216K), 9 survivors (9216K)
 Metaspace       used 101283K, committed 102208K, reserved 1179648K
  class space    used 13987K, committed 14400K, reserved 1048576K
}
Event: 21.261 GC heap before
{Heap before GC invocations=44 (full 0):
 garbage-first heap   total 308224K, used 256090K [0x0000000080000000, 0x0000000100000000)
  region size 1024K, 93 young (95232K), 9 survivors (9216K)
 Metaspace       used 101283K, committed 102208K, reserved 1179648K
  class space    used 13987K, committed 14400K, reserved 1048576K
}
Event: 21.270 GC heap after
{Heap after GC invocations=45 (full 0):
 garbage-first heap   total 308224K, used 174136K [0x0000000080000000, 0x0000000100000000)
  region size 1024K, 10 young (10240K), 10 survivors (10240K)
 Metaspace       used 101283K, committed 102208K, reserved 1179648K
  class space    used 13987K, committed 14400K, reserved 1048576K
}
Event: 22.435 GC heap before
{Heap before GC invocations=45 (full 0):
 garbage-first heap   total 308224K, used 264248K [0x0000000080000000, 0x0000000100000000)
  region size 1024K, 91 young (93184K), 10 survivors (10240K)
 Metaspace       used 107314K, committed 108160K, reserved 1179648K
  class space    used 15189K, committed 15552K, reserved 1048576K
}
Event: 22.444 GC heap after
{Heap after GC invocations=46 (full 0):
 garbage-first heap   total 308224K, used 177711K [0x0000000080000000, 0x0000000100000000)
  region size 1024K, 10 young (10240K), 10 survivors (10240K)
 Metaspace       used 107314K, committed 108160K, reserved 1179648K
  class space    used 15189K, committed 15552K, reserved 1048576K
}
Event: 23.570 GC heap before
{Heap before GC invocations=46 (full 0):
 garbage-first heap   total 308224K, used 244271K [0x0000000080000000, 0x0000000100000000)
  region size 1024K, 75 young (76800K), 10 survivors (10240K)
 Metaspace       used 113815K, committed 114688K, reserved 1179648K
  class space    used 15934K, committed 16384K, reserved 1048576K
}
Event: 23.581 GC heap after
{Heap after GC invocations=47 (full 0):
 garbage-first heap   total 308224K, used 180810K [0x0000000080000000, 0x0000000100000000)
  region size 1024K, 9 young (9216K), 9 survivors (9216K)
 Metaspace       used 113815K, committed 114688K, reserved 1179648K
  class space    used 15934K, committed 16384K, reserved 1048576K
}
Event: 24.720 GC heap before
{Heap before GC invocations=48 (full 0):
 garbage-first heap   total 316416K, used 261706K [0x0000000080000000, 0x0000000100000000)
  region size 1024K, 85 young (87040K), 9 survivors (9216K)
 Metaspace       used 121758K, committed 122624K, reserved 1179648K
  class space    used 16922K, committed 17344K, reserved 1048576K
}
Event: 24.733 GC heap after
{Heap after GC invocations=49 (full 0):
 garbage-first heap   total 316416K, used 182000K [0x0000000080000000, 0x0000000100000000)
  region size 1024K, 8 young (8192K), 8 survivors (8192K)
 Metaspace       used 121758K, committed 122624K, reserved 1179648K
  class space    used 16922K, committed 17344K, reserved 1048576K
}
Event: 24.920 GC heap before
{Heap before GC invocations=49 (full 0):
 garbage-first heap   total 316416K, used 189168K [0x0000000080000000, 0x0000000100000000)
  region size 1024K, 15 young (15360K), 8 survivors (8192K)
 Metaspace       used 122056K, committed 122944K, reserved 1179648K
  class space    used 16943K, committed 17408K, reserved 1048576K
}
Event: 24.927 GC heap after
{Heap after GC invocations=50 (full 0):
 garbage-first heap   total 316416K, used 181244K [0x0000000080000000, 0x0000000100000000)
  region size 1024K, 2 young (2048K), 2 survivors (2048K)
 Metaspace       used 122056K, committed 122944K, reserved 1179648K
  class space    used 16943K, committed 17408K, reserved 1048576K
}

