# JRE version: OpenJDK Runtime Environment (17.0.11) (build 17.0.11+0--11852314)
# Java VM: OpenJDK 64-Bit Server VM (17.0.11+0--11852314, mixed mode, tiered, compressed oops, compressed class ptrs, g1 gc, windows-amd64)
GC Precious Log:
 CPUs: 4 total, 4 available
 Memory: 16327M
 Large Page Support: Disabled
 NUMA Support: Disabled
 Compressed Oops: Enabled (32-bit)
 Heap Region Size: 1M
 Heap Min Capacity: 8M
 Heap Initial Capacity: 256M
 Heap Max Capacity: 2G
 Pre-touch: Disabled
 Parallel Workers: 4
 Concurrent Workers: 1
 Concurrent Refinement Workers: 4
 Periodic GC: Disabled
Heap:
 garbage-first heap   total 280576K, used 123963K [0x0000000080000000, 0x0000000100000000)
  region size 1024K, 40 young (40960K), 7 survivors (7168K)
 Metaspace       used 94270K, committed 94912K, reserved 1179648K
  class space    used 13139K, committed 13440K, reserved 1048576K
GC Heap History (20 events):
Event: 8.713 GC heap before
{Heap before GC invocations=27 (full 0):
 garbage-first heap   total 116736K, used 67434K [0x0000000080000000, 0x0000000100000000)
  region size 1024K, 5 young (5120K), 3 survivors (3072K)
 Metaspace       used 65650K, committed 66304K, reserved 1114112K
  class space    used 8939K, committed 9280K, reserved 1048576K
}
Event: 8.716 GC heap after
{Heap after GC invocations=28 (full 0):
 garbage-first heap   total 140288K, used 64939K [0x0000000080000000, 0x0000000100000000)
  region size 1024K, 1 young (1024K), 1 survivors (1024K)
 Metaspace       used 65650K, committed 66304K, reserved 1114112K
  class space    used 8939K, committed 9280K, reserved 1048576K
}
Event: 8.816 GC heap before
{Heap before GC invocations=28 (full 0):
 garbage-first heap   total 140288K, used 71083K [0x0000000080000000, 0x0000000100000000)
  region size 1024K, 8 young (8192K), 1 survivors (1024K)
 Metaspace       used 67104K, committed 67712K, reserved 1114112K
  class space    used 9099K, committed 9408K, reserved 1048576K
}
Event: 8.818 GC heap after
{Heap after GC invocations=29 (full 0):
 garbage-first heap   total 140288K, used 66279K [0x0000000080000000, 0x0000000100000000)
  region size 1024K, 2 young (2048K), 2 survivors (2048K)
 Metaspace       used 67104K, committed 67712K, reserved 1114112K
  class space    used 9099K, committed 9408K, reserved 1048576K
}
Event: 9.252 GC heap before
{Heap before GC invocations=30 (full 0):
 garbage-first heap   total 140288K, used 114407K [0x0000000080000000, 0x0000000100000000)
  region size 1024K, 44 young (45056K), 2 survivors (2048K)
 Metaspace       used 69463K, committed 70080K, reserved 1114112K
  class space    used 9426K, committed 9728K, reserved 1048576K
}
Event: 9.257 GC heap after
{Heap after GC invocations=31 (full 0):
 garbage-first heap   total 140288K, used 70886K [0x0000000080000000, 0x0000000100000000)
  region size 1024K, 6 young (6144K), 6 survivors (6144K)
 Metaspace       used 69463K, committed 70080K, reserved 1114112K
  class space    used 9426K, committed 9728K, reserved 1048576K
}
Event: 9.269 GC heap before
{Heap before GC invocations=31 (full 0):
 garbage-first heap   total 140288K, used 71910K [0x0000000080000000, 0x0000000100000000)
  region size 1024K, 7 young (7168K), 6 survivors (6144K)
 Metaspace       used 69545K, committed 70144K, reserved 1114112K
  class space    used 9436K, committed 9728K, reserved 1048576K
}
Event: 9.272 GC heap after
{Heap after GC invocations=32 (full 0):
 garbage-first heap   total 140288K, used 71005K [0x0000000080000000, 0x0000000100000000)
  region size 1024K, 1 young (1024K), 1 survivors (1024K)
 Metaspace       used 69545K, committed 70144K, reserved 1114112K
  class space    used 9436K, committed 9728K, reserved 1048576K
}
Event: 9.745 GC heap before
{Heap before GC invocations=32 (full 0):
 garbage-first heap   total 140288K, used 115037K [0x0000000080000000, 0x0000000100000000)
  region size 1024K, 40 young (40960K), 1 survivors (1024K)
 Metaspace       used 73180K, committed 73856K, reserved 1114112K
  class space    used 9908K, committed 10240K, reserved 1048576K
}
Event: 9.748 GC heap after
{Heap after GC invocations=33 (full 0):
 garbage-first heap   total 140288K, used 77468K [0x0000000080000000, 0x0000000100000000)
  region size 1024K, 4 young (4096K), 4 survivors (4096K)
 Metaspace       used 73180K, committed 73856K, reserved 1114112K
  class space    used 9908K, committed 10240K, reserved 1048576K
}
Event: 10.351 GC heap before
{Heap before GC invocations=34 (full 0):
 garbage-first heap   total 140288K, used 113308K [0x0000000080000000, 0x0000000100000000)
  region size 1024K, 39 young (39936K), 4 survivors (4096K)
 Metaspace       used 76913K, committed 77568K, reserved 1179648K
  class space    used 10443K, committed 10752K, reserved 1048576K
}
Event: 10.356 GC heap after
{Heap after GC invocations=35 (full 0):
 garbage-first heap   total 140288K, used 79212K [0x0000000080000000, 0x0000000100000000)
  region size 1024K, 2 young (2048K), 2 survivors (2048K)
 Metaspace       used 76913K, committed 77568K, reserved 1179648K
  class space    used 10443K, committed 10752K, reserved 1048576K
}
Event: 10.990 GC heap before
{Heap before GC invocations=35 (full 0):
 garbage-first heap   total 140288K, used 116076K [0x0000000080000000, 0x0000000100000000)
  region size 1024K, 38 young (38912K), 2 survivors (2048K)
 Metaspace       used 79513K, committed 80192K, reserved 1179648K
  class space    used 10807K, committed 11136K, reserved 1048576K
}
Event: 10.994 GC heap after
{Heap after GC invocations=36 (full 0):
 garbage-first heap   total 140288K, used 80859K [0x0000000080000000, 0x0000000100000000)
  region size 1024K, 4 young (4096K), 4 survivors (4096K)
 Metaspace       used 79513K, committed 80192K, reserved 1179648K
  class space    used 10807K, committed 11136K, reserved 1048576K
}
Event: 11.448 GC heap before
{Heap before GC invocations=36 (full 0):
 garbage-first heap   total 140288K, used 115675K [0x0000000080000000, 0x0000000100000000)
  region size 1024K, 38 young (38912K), 4 survivors (4096K)
 Metaspace       used 80600K, committed 81216K, reserved 1179648K
  class space    used 10939K, committed 11264K, reserved 1048576K
}
Event: 11.454 GC heap after
{Heap after GC invocations=37 (full 0):
 garbage-first heap   total 140288K, used 84428K [0x0000000080000000, 0x0000000100000000)
  region size 1024K, 5 young (5120K), 5 survivors (5120K)
 Metaspace       used 80600K, committed 81216K, reserved 1179648K
  class space    used 10939K, committed 11264K, reserved 1048576K
}
Event: 11.775 GC heap before
{Heap before GC invocations=37 (full 0):
 garbage-first heap   total 140288K, used 116172K [0x0000000080000000, 0x0000000100000000)
  region size 1024K, 36 young (36864K), 5 survivors (5120K)
 Metaspace       used 82890K, committed 83520K, reserved 1179648K
  class space    used 11255K, committed 11584K, reserved 1048576K
}
Event: 11.787 GC heap after
{Heap after GC invocations=38 (full 0):
 garbage-first heap   total 280576K, used 86851K [0x0000000080000000, 0x0000000100000000)
  region size 1024K, 3 young (3072K), 3 survivors (3072K)
 Metaspace       used 82890K, committed 83520K, reserved 1179648K
  class space    used 11255K, committed 11584K, reserved 1048576K
}
Event: 13.562 GC heap before
{Heap before GC invocations=38 (full 0):
 garbage-first heap   total 280576K, used 211779K [0x0000000080000000, 0x0000000100000000)
  region size 1024K, 125 young (128000K), 3 survivors (3072K)
 Metaspace       used 91783K, committed 92416K, reserved 1179648K
  class space    used 12725K, committed 13056K, reserved 1048576K
}
Event: 13.570 GC heap after
{Heap after GC invocations=39 (full 0):
 garbage-first heap   total 280576K, used 91195K [0x0000000080000000, 0x0000000100000000)
  region size 1024K, 7 young (7168K), 7 survivors (7168K)
 Metaspace       used 91783K, committed 92416K, reserved 1179648K
  class space    used 12725K, committed 13056K, reserved 1048576K
}

