# JRE version: OpenJDK Runtime Environment (17.0.11) (build 17.0.11+0--11852314)
# Java VM: OpenJDK 64-Bit Server VM (17.0.11+0--11852314, mixed mode, tiered, compressed oops, compressed class ptrs, g1 gc, windows-amd64)
GC Precious Log:
 CPUs: 4 total, 4 available
 Memory: 16327M
 Large Page Support: Disabled
 NUMA Support: Disabled
 Compressed Oops: Enabled (32-bit)
 Heap Region Size: 1M
 Heap Min Capacity: 8M
 Heap Initial Capacity: 256M
 Heap Max Capacity: 2G
 Pre-touch: Disabled
 Parallel Workers: 4
 Concurrent Workers: 1
 Concurrent Refinement Workers: 4
 Periodic GC: Disabled
Heap:
 garbage-first heap   total 128000K, used 75363K [0x0000000080000000, 0x0000000100000000)
  region size 1024K, 8 young (8192K), 2 survivors (2048K)
 Metaspace       used 70215K, committed 70784K, reserved 1114112K
  class space    used 9517K, committed 9792K, reserved 1048576K
GC Heap History (20 events):
Event: 7.240 GC heap before
{Heap before GC invocations=19 (full 0):
 garbage-first heap   total 87040K, used 53483K [0x0000000080000000, 0x0000000100000000)
  region size 1024K, 7 young (7168K), 1 survivors (1024K)
 Metaspace       used 57326K, committed 57920K, reserved 1114112K
  class space    used 7834K, committed 8128K, reserved 1048576K
}
Event: 7.241 GC heap after
{Heap after GC invocations=20 (full 0):
 garbage-first heap   total 87040K, used 49630K [0x0000000080000000, 0x0000000100000000)
  region size 1024K, 2 young (2048K), 2 survivors (2048K)
 Metaspace       used 57326K, committed 57920K, reserved 1114112K
  class space    used 7834K, committed 8128K, reserved 1048576K
}
Event: 7.406 GC heap before
{Heap before GC invocations=21 (full 0):
 garbage-first heap   total 106496K, used 71134K [0x0000000080000000, 0x0000000100000000)
  region size 1024K, 16 young (16384K), 2 survivors (2048K)
 Metaspace       used 57913K, committed 58496K, reserved 1114112K
  class space    used 7933K, committed 8192K, reserved 1048576K
}
Event: 7.409 GC heap after
{Heap after GC invocations=22 (full 0):
 garbage-first heap   total 106496K, used 61449K [0x0000000080000000, 0x0000000100000000)
  region size 1024K, 2 young (2048K), 2 survivors (2048K)
 Metaspace       used 57913K, committed 58496K, reserved 1114112K
  class space    used 7933K, committed 8192K, reserved 1048576K
}
Event: 7.448 GC heap before
{Heap before GC invocations=22 (full 0):
 garbage-first heap   total 106496K, used 63497K [0x0000000080000000, 0x0000000100000000)
  region size 1024K, 5 young (5120K), 2 survivors (2048K)
 Metaspace       used 58117K, committed 58688K, reserved 1114112K
  class space    used 7945K, committed 8192K, reserved 1048576K
}
Event: 7.449 GC heap after
{Heap after GC invocations=23 (full 0):
 garbage-first heap   total 106496K, used 61319K [0x0000000080000000, 0x0000000100000000)
  region size 1024K, 1 young (1024K), 1 survivors (1024K)
 Metaspace       used 58117K, committed 58688K, reserved 1114112K
  class space    used 7945K, committed 8192K, reserved 1048576K
}
Event: 7.508 GC heap before
{Heap before GC invocations=23 (full 0):
 garbage-first heap   total 106496K, used 67463K [0x0000000080000000, 0x0000000100000000)
  region size 1024K, 8 young (8192K), 1 survivors (1024K)
 Metaspace       used 58543K, committed 59136K, reserved 1114112K
  class space    used 7992K, committed 8256K, reserved 1048576K
}
Event: 7.509 GC heap after
{Heap after GC invocations=24 (full 0):
 garbage-first heap   total 128000K, used 61781K [0x0000000080000000, 0x0000000100000000)
  region size 1024K, 1 young (1024K), 1 survivors (1024K)
 Metaspace       used 58543K, committed 59136K, reserved 1114112K
  class space    used 7992K, committed 8256K, reserved 1048576K
}
Event: 8.062 GC heap before
{Heap before GC invocations=25 (full 0):
 garbage-first heap   total 128000K, used 91477K [0x0000000080000000, 0x0000000100000000)
  region size 1024K, 30 young (30720K), 1 survivors (1024K)
 Metaspace       used 60935K, committed 61504K, reserved 1114112K
  class space    used 8311K, committed 8576K, reserved 1048576K
}
Event: 8.064 GC heap after
{Heap after GC invocations=26 (full 0):
 garbage-first heap   total 128000K, used 63872K [0x0000000080000000, 0x0000000100000000)
  region size 1024K, 2 young (2048K), 2 survivors (2048K)
 Metaspace       used 60935K, committed 61504K, reserved 1114112K
  class space    used 8311K, committed 8576K, reserved 1048576K
}
Event: 8.243 GC heap before
{Heap before GC invocations=26 (full 0):
 garbage-first heap   total 128000K, used 67968K [0x0000000080000000, 0x0000000100000000)
  region size 1024K, 6 young (6144K), 2 survivors (2048K)
 Metaspace       used 61290K, committed 61888K, reserved 1114112K
  class space    used 8358K, committed 8640K, reserved 1048576K
}
Event: 8.245 GC heap after
{Heap after GC invocations=27 (full 0):
 garbage-first heap   total 128000K, used 63276K [0x0000000080000000, 0x0000000100000000)
  region size 1024K, 1 young (1024K), 1 survivors (1024K)
 Metaspace       used 61290K, committed 61888K, reserved 1114112K
  class space    used 8358K, committed 8640K, reserved 1048576K
}
Event: 9.465 GC heap before
{Heap before GC invocations=27 (full 0):
 garbage-first heap   total 128000K, used 93996K [0x0000000080000000, 0x0000000100000000)
  region size 1024K, 31 young (31744K), 1 survivors (1024K)
 Metaspace       used 64539K, committed 65088K, reserved 1114112K
  class space    used 8749K, committed 9024K, reserved 1048576K
}
Event: 9.467 GC heap after
{Heap after GC invocations=28 (full 0):
 garbage-first heap   total 128000K, used 63935K [0x0000000080000000, 0x0000000100000000)
  region size 1024K, 1 young (1024K), 1 survivors (1024K)
 Metaspace       used 64539K, committed 65088K, reserved 1114112K
  class space    used 8749K, committed 9024K, reserved 1048576K
}
Event: 10.231 GC heap before
{Heap before GC invocations=29 (full 0):
 garbage-first heap   total 128000K, used 102847K [0x0000000080000000, 0x0000000100000000)
  region size 1024K, 34 young (34816K), 1 survivors (1024K)
 Metaspace       used 67460K, committed 68096K, reserved 1114112K
  class space    used 9164K, committed 9472K, reserved 1048576K
}
Event: 10.238 GC heap after
{Heap after GC invocations=30 (full 0):
 garbage-first heap   total 128000K, used 68972K [0x0000000080000000, 0x0000000100000000)
  region size 1024K, 5 young (5120K), 5 survivors (5120K)
 Metaspace       used 67460K, committed 68096K, reserved 1114112K
  class space    used 9164K, committed 9472K, reserved 1048576K
}
Event: 10.250 GC heap before
{Heap before GC invocations=30 (full 0):
 garbage-first heap   total 128000K, used 69996K [0x0000000080000000, 0x0000000100000000)
  region size 1024K, 6 young (6144K), 5 survivors (5120K)
 Metaspace       used 67514K, committed 68096K, reserved 1114112K
  class space    used 9179K, committed 9472K, reserved 1048576K
}
Event: 10.255 GC heap after
{Heap after GC invocations=31 (full 0):
 garbage-first heap   total 128000K, used 69077K [0x0000000080000000, 0x0000000100000000)
  region size 1024K, 1 young (1024K), 1 survivors (1024K)
 Metaspace       used 67514K, committed 68096K, reserved 1114112K
  class space    used 9179K, committed 9472K, reserved 1048576K
}
Event: 10.920 GC heap before
{Heap before GC invocations=31 (full 0):
 garbage-first heap   total 128000K, used 99797K [0x0000000080000000, 0x0000000100000000)
  region size 1024K, 31 young (31744K), 1 survivors (1024K)
 Metaspace       used 69832K, committed 70464K, reserved 1114112K
  class space    used 9469K, committed 9792K, reserved 1048576K
}
Event: 10.922 GC heap after
{Heap after GC invocations=32 (full 0):
 garbage-first heap   total 128000K, used 70243K [0x0000000080000000, 0x0000000100000000)
  region size 1024K, 2 young (2048K), 2 survivors (2048K)
 Metaspace       used 69832K, committed 70464K, reserved 1114112K
  class space    used 9469K, committed 9792K, reserved 1048576K
}

