# JRE version: OpenJDK Runtime Environment (17.0.11) (build 17.0.11+0--11852314)
# Java VM: OpenJDK 64-Bit Server VM (17.0.11+0--11852314, mixed mode, tiered, compressed oops, compressed class ptrs, g1 gc, windows-amd64)
GC Precious Log:
 CPUs: 4 total, 4 available
 Memory: 16327M
 Large Page Support: Disabled
 NUMA Support: Disabled
 Compressed Oops: Enabled (32-bit)
 Heap Region Size: 1M
 Heap Min Capacity: 8M
 Heap Initial Capacity: 256M
 Heap Max Capacity: 2G
 Pre-touch: Disabled
 Parallel Workers: 4
 Concurrent Workers: 1
 Concurrent Refinement Workers: 4
 Periodic GC: Disabled
Heap:
 garbage-first heap   total 262144K, used 126976K [0x0000000080000000, 0x0000000100000000)
  region size 1024K, 1 young (1024K), 1 survivors (1024K)
 Metaspace       used 104563K, committed 105344K, reserved 1179648K
  class space    used 14438K, committed 14784K, reserved 1048576K
GC Heap History (20 events):
Event: 9.519 GC heap after
{Heap after GC invocations=38 (full 0):
 garbage-first heap   total 187392K, used 87324K [0x0000000080000000, 0x0000000100000000)
  region size 1024K, 3 young (3072K), 3 survivors (3072K)
 Metaspace       used 87100K, committed 87744K, reserved 1179648K
  class space    used 12052K, committed 12352K, reserved 1048576K
}
Event: 9.584 GC heap before
{Heap before GC invocations=38 (full 0):
 garbage-first heap   total 187392K, used 93468K [0x0000000080000000, 0x0000000100000000)
  region size 1024K, 9 young (9216K), 3 survivors (3072K)
 Metaspace       used 87549K, committed 88192K, reserved 1179648K
  class space    used 12114K, committed 12416K, reserved 1048576K
}
Event: 9.587 GC heap after
{Heap after GC invocations=39 (full 0):
 garbage-first heap   total 187392K, used 86818K [0x0000000080000000, 0x0000000100000000)
  region size 1024K, 1 young (1024K), 1 survivors (1024K)
 Metaspace       used 87549K, committed 88192K, reserved 1179648K
  class space    used 12114K, committed 12416K, reserved 1048576K
}
Event: 10.398 GC heap before
{Heap before GC invocations=39 (full 0):
 garbage-first heap   total 187392K, used 151330K [0x0000000080000000, 0x0000000100000000)
  region size 1024K, 64 young (65536K), 1 survivors (1024K)
 Metaspace       used 91945K, committed 92672K, reserved 1179648K
  class space    used 12770K, committed 13120K, reserved 1048576K
}
Event: 10.405 GC heap after
{Heap after GC invocations=40 (full 0):
 garbage-first heap   total 187392K, used 90004K [0x0000000080000000, 0x0000000100000000)
  region size 1024K, 4 young (4096K), 4 survivors (4096K)
 Metaspace       used 91945K, committed 92672K, reserved 1179648K
  class space    used 12770K, committed 13120K, reserved 1048576K
}
Event: 11.453 GC heap before
{Heap before GC invocations=41 (full 0):
 garbage-first heap   total 187392K, used 152468K [0x0000000080000000, 0x0000000100000000)
  region size 1024K, 65 young (66560K), 4 survivors (4096K)
 Metaspace       used 97452K, committed 98112K, reserved 1179648K
  class space    used 13558K, committed 13888K, reserved 1048576K
}
Event: 11.460 GC heap after
{Heap after GC invocations=42 (full 0):
 garbage-first heap   total 187392K, used 93050K [0x0000000080000000, 0x0000000100000000)
  region size 1024K, 7 young (7168K), 7 survivors (7168K)
 Metaspace       used 97452K, committed 98112K, reserved 1179648K
  class space    used 13558K, committed 13888K, reserved 1048576K
}
Event: 11.500 GC heap before
{Heap before GC invocations=42 (full 0):
 garbage-first heap   total 187392K, used 94074K [0x0000000080000000, 0x0000000100000000)
  region size 1024K, 9 young (9216K), 7 survivors (7168K)
 Metaspace       used 97543K, committed 98176K, reserved 1179648K
  class space    used 13570K, committed 13888K, reserved 1048576K
}
Event: 11.507 GC heap after
{Heap after GC invocations=43 (full 0):
 garbage-first heap   total 187392K, used 93117K [0x0000000080000000, 0x0000000100000000)
  region size 1024K, 1 young (1024K), 1 survivors (1024K)
 Metaspace       used 97543K, committed 98176K, reserved 1179648K
  class space    used 13570K, committed 13888K, reserved 1048576K
}
Event: 12.682 GC heap before
{Heap before GC invocations=43 (full 0):
 garbage-first heap   total 187392K, used 155581K [0x0000000080000000, 0x0000000100000000)
  region size 1024K, 62 young (63488K), 1 survivors (1024K)
 Metaspace       used 100397K, committed 101056K, reserved 1179648K
  class space    used 14013K, committed 14336K, reserved 1048576K
}
Event: 12.688 GC heap after
{Heap after GC invocations=44 (full 0):
 garbage-first heap   total 187392K, used 98562K [0x0000000080000000, 0x0000000100000000)
  region size 1024K, 7 young (7168K), 7 survivors (7168K)
 Metaspace       used 100397K, committed 101056K, reserved 1179648K
  class space    used 14013K, committed 14336K, reserved 1048576K
}
Event: 13.618 GC heap before
{Heap before GC invocations=45 (full 0):
 garbage-first heap   total 187392K, used 157954K [0x0000000080000000, 0x0000000100000000)
  region size 1024K, 61 young (62464K), 7 survivors (7168K)
 Metaspace       used 103636K, committed 104320K, reserved 1179648K
  class space    used 14376K, committed 14720K, reserved 1048576K
}
Event: 13.627 GC heap after
{Heap after GC invocations=46 (full 0):
 garbage-first heap   total 187392K, used 101088K [0x0000000080000000, 0x0000000100000000)
  region size 1024K, 5 young (5120K), 5 survivors (5120K)
 Metaspace       used 103636K, committed 104320K, reserved 1179648K
  class space    used 14376K, committed 14720K, reserved 1048576K
}
Event: 13.732 GC heap before
{Heap before GC invocations=46 (full 0):
 garbage-first heap   total 187392K, used 104160K [0x0000000080000000, 0x0000000100000000)
  region size 1024K, 9 young (9216K), 5 survivors (5120K)
 Metaspace       used 103915K, committed 104704K, reserved 1179648K
  class space    used 14381K, committed 14784K, reserved 1048576K
}
Event: 13.736 GC heap after
{Heap after GC invocations=47 (full 0):
 garbage-first heap   total 187392K, used 100718K [0x0000000080000000, 0x0000000100000000)
  region size 1024K, 1 young (1024K), 1 survivors (1024K)
 Metaspace       used 103915K, committed 104704K, reserved 1179648K
  class space    used 14381K, committed 14784K, reserved 1048576K
}
Event: 14.143 GC heap before
{Heap before GC invocations=47 (full 0):
 garbage-first heap   total 187392K, used 124270K [0x0000000080000000, 0x0000000100000000)
  region size 1024K, 26 young (26624K), 1 survivors (1024K)
 Metaspace       used 104083K, committed 104896K, reserved 1179648K
  class space    used 14382K, committed 14784K, reserved 1048576K
}
Event: 14.148 GC heap after
{Heap after GC invocations=48 (full 0):
 garbage-first heap   total 187392K, used 108748K [0x0000000080000000, 0x0000000100000000)
  region size 1024K, 7 young (7168K), 7 survivors (7168K)
 Metaspace       used 104083K, committed 104896K, reserved 1179648K
  class space    used 14382K, committed 14784K, reserved 1048576K
}
Event: 14.828 GC heap before
{Heap before GC invocations=49 (full 0):
 garbage-first heap   total 211968K, used 157900K [0x0000000080000000, 0x0000000100000000)
  region size 1024K, 47 young (48128K), 7 survivors (7168K)
 Metaspace       used 104539K, committed 105280K, reserved 1179648K
  class space    used 14437K, committed 14784K, reserved 1048576K
}
Event: 14.842 GC heap after
{Heap after GC invocations=50 (full 0):
 garbage-first heap   total 211968K, used 126595K [0x0000000080000000, 0x0000000100000000)
  region size 1024K, 6 young (6144K), 6 survivors (6144K)
 Metaspace       used 104539K, committed 105280K, reserved 1179648K
  class space    used 14437K, committed 14784K, reserved 1048576K
}
Event: 14.878 GC heap before
{Heap before GC invocations=50 (full 0):
 garbage-first heap   total 211968K, used 130691K [0x0000000080000000, 0x0000000100000000)
  region size 1024K, 10 young (10240K), 6 survivors (6144K)
 Metaspace       used 104563K, committed 105344K, reserved 1179648K
  class space    used 14438K, committed 14784K, reserved 1048576K
}

